TN:
SF:src\app.ts
FN:8,main
FNF:1
FNH:1
FNDA:1,main
DA:1,1
DA:2,1
DA:3,1
DA:4,1
DA:5,1
DA:6,1
DA:7,1
DA:8,1
DA:9,1
DA:10,1
DA:11,1
LF:11
LH:11
BRDA:4,0,0,1
BRDA:4,1,0,1
BRDA:8,2,0,1
BRF:3
BRH:3
end_of_record
TN:
SF:src\config\base.entity.ts
FN:5,BaseEntity
FN:12,fromObject
FNF:2
FNH:1
FNDA:7,BaseEntity
FNDA:0,fromObject
DA:1,1
DA:2,1
DA:3,1
DA:4,1
DA:5,1
DA:6,7
DA:7,7
DA:8,7
DA:9,7
DA:10,7
DA:11,1
DA:12,1
DA:13,0
DA:14,0
DA:15,0
DA:16,0
DA:17,0
DA:18,0
DA:19,0
DA:20,1
LF:20
LH:13
BRDA:5,0,0,7
BRF:1
BRH:1
end_of_record
TN:
SF:src\config\envs.ts
FNF:0
FNH:0
DA:1,1
DA:2,1
DA:3,1
DA:4,1
DA:5,1
DA:6,1
DA:7,1
DA:8,1
LF:8
LH:8
BRF:0
BRH:0
end_of_record
TN:
SF:src\data\postgres\index.ts
FNF:0
FNH:0
DA:1,1
DA:2,1
DA:3,1
LF:3
LH:3
BRF:0
BRH:0
end_of_record
TN:
SF:src\domain\dtos\index.ts
FNF:0
FNH:0
DA:1,1
DA:2,1
DA:3,1
LF:3
LH:3
BRF:0
BRH:0
end_of_record
TN:
SF:src\domain\dtos\users\create-user.dto.ts
FNF:0
FNH:0
DA:1,1
DA:2,1
DA:3,1
DA:4,1
DA:5,1
DA:6,1
DA:7,1
DA:8,1
DA:9,1
DA:10,1
DA:11,1
DA:12,1
DA:13,1
LF:13
LH:13
BRF:0
BRH:0
end_of_record
TN:
SF:src\domain\dtos\users\update-user.dto.ts
FNF:0
FNH:0
DA:1,1
DA:2,1
DA:3,1
DA:4,1
DA:5,1
DA:6,1
DA:7,1
DA:8,1
DA:9,1
DA:10,1
DA:11,1
DA:12,1
DA:13,1
LF:13
LH:13
BRF:0
BRH:0
end_of_record
TN:
SF:src\domain\entities\users\user.entity.ts
FN:5,UserEntity
FN:16,fromObject
FNF:2
FNH:2
FNDA:7,UserEntity
FNDA:7,fromObject
DA:1,1
DA:2,1
DA:3,1
DA:4,1
DA:5,1
DA:6,7
DA:7,7
DA:8,7
DA:9,7
DA:10,7
DA:11,7
DA:12,7
DA:13,7
DA:14,7
DA:15,1
DA:16,1
DA:17,7
DA:18,7
DA:19,7
DA:20,7
DA:21,7
DA:22,7
DA:23,7
DA:24,7
DA:25,7
DA:26,1
DA:27,1
LF:27
LH:27
BRDA:5,0,0,7
BRDA:16,1,0,7
BRF:2
BRH:2
end_of_record
TN:
SF:src\domain\use-cases\users\create-user.ts
FN:13,CreateUser
FN:16,execute
FNF:2
FNH:2
FNDA:3,CreateUser
FNDA:3,execute
DA:1,1
DA:2,1
DA:3,1
DA:4,1
DA:5,1
DA:6,1
DA:7,1
DA:8,1
DA:9,1
DA:10,1
DA:11,1
DA:12,1
DA:13,1
DA:14,3
DA:15,3
DA:16,1
DA:17,3
DA:18,3
DA:19,1
LF:19
LH:19
BRDA:13,0,0,3
BRDA:16,1,0,3
BRF:2
BRH:2
end_of_record
TN:
SF:src\domain\use-cases\users\delete-user.ts
FN:12,DeleteUser
FN:15,execute
FNF:2
FNH:2
FNDA:1,DeleteUser
FNDA:1,execute
DA:1,1
DA:2,1
DA:3,1
DA:4,1
DA:5,1
DA:6,1
DA:7,1
DA:8,1
DA:9,1
DA:10,1
DA:11,1
DA:12,1
DA:13,1
DA:14,1
DA:15,1
DA:16,1
DA:17,1
DA:18,1
LF:18
LH:18
BRDA:12,0,0,1
BRDA:15,1,0,1
BRF:2
BRH:2
end_of_record
TN:
SF:src\domain\use-cases\users\get-user.ts
FN:12,GetUser
FN:15,execute
FNF:2
FNH:2
FNDA:2,GetUser
FNDA:2,execute
DA:1,1
DA:2,1
DA:3,1
DA:4,1
DA:5,1
DA:6,1
DA:7,1
DA:8,1
DA:9,1
DA:10,1
DA:11,1
DA:12,1
DA:13,2
DA:14,2
DA:15,1
DA:16,2
DA:17,2
DA:18,1
LF:18
LH:18
BRDA:12,0,0,2
BRDA:15,1,0,2
BRF:2
BRH:2
end_of_record
TN:
SF:src\domain\use-cases\users\get-users.ts
FN:12,GetUsers
FN:15,execute
FNF:2
FNH:2
FNDA:1,GetUsers
FNDA:1,execute
DA:1,1
DA:2,1
DA:3,1
DA:4,1
DA:5,1
DA:6,1
DA:7,1
DA:8,1
DA:9,1
DA:10,1
DA:11,1
DA:12,1
DA:13,1
DA:14,1
DA:15,1
DA:16,1
DA:17,1
DA:18,1
LF:18
LH:18
BRDA:12,0,0,1
BRDA:15,1,0,1
BRF:2
BRH:2
end_of_record
TN:
SF:src\domain\use-cases\users\update-user.ts
FN:13,UpdateUser
FN:16,execute
FNF:2
FNH:2
FNDA:2,UpdateUser
FNDA:2,execute
DA:1,1
DA:2,1
DA:3,1
DA:4,1
DA:5,1
DA:6,1
DA:7,1
DA:8,1
DA:9,1
DA:10,1
DA:11,1
DA:12,1
DA:13,1
DA:14,2
DA:15,2
DA:16,1
DA:17,2
DA:18,2
DA:19,1
LF:19
LH:19
BRDA:13,0,0,2
BRDA:16,1,0,2
BRF:2
BRH:2
end_of_record
TN:
SF:src\infraestructure\datasource\auth.datasource.imp.ts
FN:5,AuthDatasourceImp
FNF:1
FNH:1
FNDA:1,AuthDatasourceImp
DA:1,1
DA:2,1
DA:3,1
DA:4,1
DA:5,1
DA:6,1
DA:7,1
DA:8,1
LF:8
LH:8
BRDA:5,0,0,1
BRF:1
BRH:1
end_of_record
TN:
SF:src\infraestructure\datasource\user.datasource.imp.ts
FN:12,UserDatasourceImp
FN:17,create
FN:25,getAll
FN:36,findById
FN:45,update
FN:54,delete
FNF:6
FNH:6
FNDA:1,UserDatasourceImp
FNDA:3,create
FNDA:1,getAll
FNDA:2,findById
FNDA:2,update
FNDA:1,delete
DA:1,1
DA:2,1
DA:3,1
DA:4,1
DA:5,1
DA:6,1
DA:7,1
DA:8,1
DA:9,1
DA:10,1
DA:11,1
DA:12,1
DA:13,1
DA:14,1
DA:15,1
DA:16,1
DA:17,1
DA:18,3
DA:19,3
DA:20,3
DA:21,3
DA:22,2
DA:23,3
DA:24,3
DA:25,1
DA:26,1
DA:27,1
DA:28,1
DA:29,1
DA:30,1
DA:31,1
DA:32,1
DA:33,1
DA:34,1
DA:35,1
DA:36,1
DA:37,2
DA:38,2
DA:39,2
DA:40,2
DA:41,2
DA:42,1
DA:43,2
DA:44,2
DA:45,1
DA:46,2
DA:47,2
DA:48,2
DA:49,2
DA:50,2
DA:51,1
DA:52,2
DA:53,2
DA:54,1
DA:55,1
DA:56,1
DA:57,1
DA:58,1
DA:59,1
DA:60,1
DA:61,1
DA:62,1
DA:63,1
DA:64,1
LF:64
LH:64
BRDA:12,0,0,1
BRDA:17,1,0,3
BRDA:18,2,0,3
BRDA:18,3,0,3
BRDA:22,4,0,2
BRDA:25,5,0,1
BRDA:26,6,0,1
BRDA:26,7,0,1
BRDA:32,8,0,0
BRDA:33,9,0,2
BRDA:36,10,0,2
BRDA:37,11,0,2
BRDA:37,12,0,2
BRDA:41,13,0,1
BRDA:45,14,0,2
BRDA:46,15,0,2
BRDA:46,16,0,2
BRDA:51,17,0,1
BRDA:54,18,0,1
BRDA:55,19,0,1
BRDA:55,20,0,1
BRF:21
BRH:20
end_of_record
TN:
SF:src\infraestructure\repositories\auth.repository.imp.ts
FN:4,AuthRepositoryImpl
FNF:1
FNH:1
FNDA:1,AuthRepositoryImpl
DA:1,1
DA:2,1
DA:3,1
DA:4,1
DA:5,1
LF:5
LH:5
BRDA:4,0,0,1
BRF:1
BRH:1
end_of_record
TN:
SF:src\infraestructure\repositories\user.repository.imp.ts
FN:10,UserRepositoryImpl
FN:13,create
FN:16,getAll
FN:19,findById
FN:22,update
FN:25,delete
FNF:6
FNH:6
FNDA:1,UserRepositoryImpl
FNDA:3,create
FNDA:1,getAll
FNDA:2,findById
FNDA:2,update
FNDA:1,delete
DA:1,1
DA:2,1
DA:3,1
DA:4,1
DA:5,1
DA:6,1
DA:7,1
DA:8,1
DA:9,1
DA:10,1
DA:11,1
DA:12,1
DA:13,1
DA:14,3
DA:15,3
DA:16,1
DA:17,1
DA:18,1
DA:19,1
DA:20,2
DA:21,2
DA:22,1
DA:23,2
DA:24,2
DA:25,1
DA:26,1
DA:27,1
DA:28,1
DA:29,1
LF:29
LH:29
BRDA:10,0,0,1
BRDA:13,1,0,3
BRDA:16,2,0,1
BRDA:19,3,0,2
BRDA:22,4,0,2
BRDA:25,5,0,1
BRF:6
BRH:6
end_of_record
TN:
SF:src\presentation\server.ts
FN:14,Server
FN:23,middlewares
FN:31,routers
FN:42,listen
FN:49,close
FNF:5
FNH:5
FNDA:1,Server
FNDA:1,middlewares
FNDA:1,routers
FNDA:1,listen
FNDA:1,close
DA:1,1
DA:2,1
DA:3,1
DA:4,1
DA:5,1
DA:6,1
DA:7,1
DA:8,1
DA:9,1
DA:10,1
DA:11,1
DA:12,1
DA:13,1
DA:14,1
DA:15,1
DA:16,1
DA:17,1
DA:18,1
DA:19,1
DA:20,1
DA:21,1
DA:22,1
DA:23,1
DA:24,1
DA:25,1
DA:26,1
DA:27,1
DA:28,1
DA:29,1
DA:30,1
DA:31,1
DA:32,1
DA:33,1
DA:34,1
DA:35,1
DA:36,1
DA:37,1
DA:38,1
DA:39,1
DA:40,1
DA:41,1
DA:42,1
DA:43,1
DA:44,1
DA:45,1
DA:46,1
DA:47,1
DA:48,1
DA:49,1
DA:50,1
DA:51,1
DA:52,1
LF:52
LH:52
BRDA:14,0,0,1
BRDA:23,1,0,1
BRDA:31,2,0,1
BRDA:42,3,0,1
BRDA:43,4,0,1
BRDA:49,5,0,1
BRDA:50,6,0,0
BRF:7
BRH:6
end_of_record
TN:
SF:src\presentation\auth\aurth.middleware.ts
FN:4,AuthMiddleware
FNF:1
FNH:1
FNDA:1,AuthMiddleware
DA:1,1
DA:2,1
DA:3,1
DA:4,1
DA:5,1
DA:6,1
DA:7,1
LF:7
LH:7
BRDA:4,0,0,1
BRF:1
BRH:1
end_of_record
TN:
SF:src\presentation\auth\auth.controller.ts
FN:5,AuthController
FN:9,AuthController.login
FN:13,AuthController.register
FN:17,AuthController.validateEmail
FNF:4
FNH:1
FNDA:1,AuthController
FNDA:0,AuthController.login
FNDA:0,AuthController.register
FNDA:0,AuthController.validateEmail
DA:1,1
DA:2,1
DA:3,1
DA:4,1
DA:5,1
DA:6,1
DA:7,1
DA:8,1
DA:9,1
DA:10,0
DA:11,0
DA:12,1
DA:13,1
DA:14,0
DA:15,0
DA:16,1
DA:17,1
DA:18,0
DA:19,0
DA:20,1
LF:20
LH:14
BRDA:5,0,0,1
BRF:1
BRH:1
end_of_record
TN:
SF:src\presentation\auth\auth.routes.ts
FN:10,AuthRoutes
FN:14,routes
FNF:2
FNH:2
FNDA:1,AuthRoutes
FNDA:1,routes
DA:1,1
DA:2,1
DA:3,1
DA:4,1
DA:5,1
DA:6,1
DA:7,1
DA:8,1
DA:9,1
DA:10,1
DA:11,1
DA:12,1
DA:13,1
DA:14,1
DA:15,1
DA:16,1
DA:17,1
DA:18,1
DA:19,1
DA:20,1
DA:21,1
LF:21
LH:21
BRDA:10,0,0,1
BRDA:14,1,0,1
BRF:2
BRH:2
end_of_record
TN:
SF:src\presentation\users\user.controller.ts
FN:11,UserController
FN:16,UserController.get
FN:24,UserController.getOne
FN:32,UserController.create
FN:39,UserController.update
FN:47,UserController.delete
FNF:6
FNH:6
FNDA:1,UserController
FNDA:1,UserController.get
FNDA:2,UserController.getOne
FNDA:3,UserController.create
FNDA:2,UserController.update
FNDA:1,UserController.delete
DA:1,1
DA:2,1
DA:3,1
DA:4,1
DA:5,1
DA:6,1
DA:7,1
DA:8,1
DA:9,1
DA:10,1
DA:11,1
DA:12,1
DA:13,1
DA:14,1
DA:15,1
DA:16,1
DA:17,1
DA:18,1
DA:19,1
DA:20,1
DA:21,1
DA:22,1
DA:23,1
DA:24,1
DA:25,2
DA:26,2
DA:27,2
DA:28,2
DA:29,2
DA:30,2
DA:31,1
DA:32,1
DA:33,3
DA:34,3
DA:35,3
DA:36,3
DA:37,3
DA:38,1
DA:39,1
DA:40,2
DA:41,2
DA:42,2
DA:43,2
DA:44,2
DA:45,2
DA:46,1
DA:47,1
DA:48,1
DA:49,1
DA:50,1
DA:51,1
DA:52,1
DA:53,1
DA:54,1
LF:54
LH:54
BRDA:11,0,0,1
BRDA:16,1,0,1
BRDA:20,2,0,1
BRDA:24,3,0,2
BRDA:28,4,0,1
BRDA:29,5,0,1
BRDA:32,6,0,3
BRDA:35,7,0,2
BRDA:36,8,0,1
BRDA:39,9,0,2
BRDA:39,10,0,2
BRDA:43,11,0,1
BRDA:44,12,0,1
BRDA:47,13,0,1
BRDA:47,14,0,1
BRDA:51,15,0,1
BRF:16
BRH:16
end_of_record
TN:
SF:src\presentation\users\user.middleware.ts
FN:10,UserMiddleware
FN:14,userValidator
FNF:2
FNH:2
FNDA:1,UserMiddleware
FNDA:6,userValidator
DA:1,1
DA:2,1
DA:3,1
DA:4,1
DA:5,1
DA:6,1
DA:7,1
DA:8,1
DA:9,1
DA:10,1
DA:11,1
DA:12,1
DA:13,1
DA:14,1
DA:15,6
DA:16,6
DA:17,4
DA:18,6
DA:19,2
DA:20,2
DA:21,6
DA:22,6
DA:23,6
DA:24,6
DA:25,6
DA:26,6
DA:27,6
DA:28,1
DA:29,1
DA:30,5
DA:31,5
DA:32,1
DA:33,1
DA:34,1
LF:34
LH:34
BRDA:10,0,0,1
BRDA:14,1,0,6
BRDA:16,2,0,4
BRDA:18,3,0,2
BRDA:27,4,0,1
BRDA:30,5,0,5
BRF:6
BRH:6
end_of_record
TN:
SF:src\presentation\users\users.routes.ts
FN:11,UserRoutes
FN:15,routes
FNF:2
FNH:2
FNDA:1,UserRoutes
FNDA:1,routes
DA:1,1
DA:2,1
DA:3,1
DA:4,1
DA:5,1
DA:6,1
DA:7,1
DA:8,1
DA:9,1
DA:10,1
DA:11,1
DA:12,1
DA:13,1
DA:14,1
DA:15,1
DA:16,1
DA:17,1
DA:18,1
DA:19,1
DA:20,1
DA:21,1
DA:22,1
DA:23,1
DA:24,1
DA:25,1
DA:26,1
DA:27,1
DA:28,1
DA:29,1
DA:30,1
DA:31,1
DA:32,1
DA:33,1
LF:33
LH:33
BRDA:11,0,0,1
BRDA:15,1,0,1
BRDA:22,2,0,4
BRDA:27,3,0,2
BRF:4
BRH:4
end_of_record
TN:
SF:src\shared\datasource\base.datasource.ts
FN:8,BaseDatasource
FN:12,handleErrors
FNF:2
FNH:2
FNDA:2,BaseDatasource
FNDA:9,handleErrors
DA:1,1
DA:2,1
DA:3,1
DA:4,1
DA:5,1
DA:6,1
DA:7,1
DA:8,1
DA:9,2
DA:10,2
DA:11,1
DA:12,1
DA:13,9
DA:14,9
DA:15,9
DA:16,3
DA:17,2
DA:18,3
DA:19,1
DA:20,1
DA:21,3
DA:22,9
DA:23,1
DA:24,1
LF:24
LH:24
BRDA:8,0,0,2
BRDA:12,1,0,9
BRDA:15,2,0,3
BRDA:16,3,0,2
BRDA:18,4,0,1
BRF:5
BRH:5
end_of_record
TN:
SF:src\shared\middleware\base.middleware.ts
FN:12,SharedMiddleware
FN:17,returnErrors
FNF:2
FNH:2
FNDA:2,SharedMiddleware
FNDA:1,returnErrors
DA:1,1
DA:2,1
DA:3,1
DA:4,1
DA:5,1
DA:6,1
DA:7,1
DA:8,1
DA:9,1
DA:10,1
DA:11,1
DA:12,1
DA:13,2
DA:14,2
DA:15,2
DA:16,1
DA:17,1
DA:18,1
DA:19,2
DA:20,2
DA:21,2
DA:22,2
DA:23,1
DA:24,1
DA:25,1
DA:26,1
DA:27,1
DA:28,1
DA:29,1
DA:30,1
DA:31,1
DA:32,1
DA:33,1
DA:34,1
DA:35,1
DA:36,1
DA:37,1
DA:38,1
DA:39,1
DA:40,1
DA:41,1
DA:42,1
DA:43,1
DA:44,1
DA:45,1
DA:46,1
DA:47,1
DA:48,1
DA:49,1
DA:50,1
DA:51,1
DA:52,1
DA:53,1
DA:54,1
DA:55,1
DA:56,1
DA:57,1
LF:57
LH:57
BRDA:12,0,0,2
BRDA:17,1,0,1
BRDA:18,2,0,2
BRF:3
BRH:3
end_of_record
TN:
SF:src\shared\response\custom.response.ts
FN:16,CustomResponse
FN:23,handleResponse
FN:50,Ok
FN:58,Created
FN:66,NoContent
FN:74,BadRequest
FN:82,Unauthorized
FN:90,NotFound
FN:98,Error
FN:106,Custom
FNF:10
FNH:6
FNDA:3,CustomResponse
FNDA:9,handleResponse
FNDA:4,Ok
FNDA:2,Created
FNDA:0,NoContent
FNDA:2,BadRequest
FNDA:0,Unauthorized
FNDA:2,NotFound
FNDA:0,Error
FNDA:0,Custom
DA:1,1
DA:2,1
DA:3,2
DA:4,2
DA:5,2
DA:6,2
DA:7,2
DA:8,2
DA:9,2
DA:10,2
DA:11,2
DA:12,2
DA:13,1
DA:14,1
DA:15,1
DA:16,1
DA:17,3
DA:18,3
DA:19,3
DA:20,3
DA:21,3
DA:22,1
DA:23,1
DA:24,9
DA:25,3
DA:26,3
DA:27,1
DA:28,3
DA:29,0
DA:30,3
DA:31,2
DA:32,3
DA:33,0
DA:34,3
DA:35,9
DA:36,6
DA:37,6
DA:38,4
DA:39,6
DA:40,2
DA:41,6
DA:42,0
DA:43,6
DA:44,6
DA:45,0
DA:46,0
DA:47,0
DA:48,0
DA:49,1
DA:50,1
DA:51,4
DA:52,4
DA:53,4
DA:54,4
DA:55,4
DA:56,4
DA:57,1
DA:58,1
DA:59,2
DA:60,2
DA:61,2
DA:62,2
DA:63,2
DA:64,2
DA:65,1
DA:66,1
DA:67,0
DA:68,0
DA:69,0
DA:70,0
DA:71,0
DA:72,0
DA:73,1
DA:74,1
DA:75,2
DA:76,2
DA:77,2
DA:78,2
DA:79,2
DA:80,2
DA:81,1
DA:82,1
DA:83,0
DA:84,0
DA:85,0
DA:86,0
DA:87,0
DA:88,0
DA:89,1
DA:90,1
DA:91,2
DA:92,2
DA:93,2
DA:94,2
DA:95,2
DA:96,2
DA:97,1
DA:98,1
DA:99,0
DA:100,0
DA:101,0
DA:102,0
DA:103,0
DA:104,0
DA:105,1
DA:106,1
DA:107,0
DA:108,0
DA:109,0
DA:110,0
DA:111,0
DA:112,0
DA:113,0
DA:114,1
DA:115,1
LF:115
LH:83
BRDA:3,0,0,2
BRDA:16,1,0,3
BRDA:23,2,0,9
BRDA:24,3,0,3
BRDA:26,4,0,1
BRDA:28,5,0,0
BRDA:30,6,0,2
BRDA:32,7,0,0
BRDA:35,8,0,6
BRDA:37,9,0,4
BRDA:39,10,0,2
BRDA:41,11,0,0
BRDA:45,12,0,0
BRDA:50,13,0,4
BRDA:58,14,0,2
BRDA:74,15,0,2
BRDA:90,16,0,2
BRF:17
BRH:13
end_of_record
TN:
SF:src\shared\router\router.ts
FN:10,BaseRouter
FN:17,routes
FNF:2
FNH:1
FNDA:2,BaseRouter
FNDA:0,routes
DA:1,1
DA:2,1
DA:3,1
DA:4,1
DA:5,1
DA:6,1
DA:7,1
DA:8,1
DA:9,1
DA:10,1
DA:11,2
DA:12,2
DA:13,2
DA:14,2
DA:15,2
DA:16,1
DA:17,1
DA:18,1
LF:18
LH:18
BRDA:10,0,0,2
BRF:1
BRH:1
end_of_record
TN:
SF:src\shared\validations-db\validation-db.ts
FN:18,validate
FNF:1
FNH:1
FNDA:2,validate
DA:1,1
DA:2,1
DA:3,1
DA:4,1
DA:5,1
DA:6,1
DA:7,1
DA:8,1
DA:9,1
DA:10,1
DA:11,1
DA:12,1
DA:13,1
DA:14,1
DA:15,1
DA:16,1
DA:17,1
DA:18,1
DA:19,2
DA:20,2
DA:21,2
DA:22,2
DA:23,2
DA:24,2
DA:25,1
DA:26,2
DA:27,0
DA:28,2
DA:29,1
DA:30,2
DA:31,0
DA:32,2
DA:33,2
DA:34,0
DA:35,0
DA:36,1
LF:36
LH:32
BRDA:18,0,0,2
BRDA:24,1,0,1
BRDA:26,2,0,0
BRDA:28,3,0,1
BRDA:30,4,0,0
BRDA:34,5,0,0
BRF:6
BRH:3
end_of_record
TN:
SF:test\test-server.ts
FNF:0
FNH:0
DA:1,1
DA:2,1
DA:3,1
LF:3
LH:3
BRF:0
BRH:0
end_of_record
